Server './samp03svr  ' crashed with exit code 0.  Respawning...
Server './samp03svr  ' crashed with exit code 0.  Respawning...
Server './samp03svr  ' crashed with exit code 0.  Respawning...
Server './samp03svr  ' crashed with exit code 0.  Respawning...
Server './samp03svr  ' crashed with exit code 0.  Respawning...
Server './samp03svr  ' crashed with exit code 0.  Respawning...
Server './samp03svr  ' crashed with exit code 0.  Respawning...
Server './samp03svr  ' crashed with exit code 0.  Respawning...
Server './samp03svr  ' crashed with exit code 0.  Respawning...
Server './samp03svr  ' crashed with exit code 0.  Respawning...
Server './samp03svr  ' crashed with exit code 0.  Respawning...
Server './samp03svr  ' crashed with exit code 0.  Respawning...
Server './samp03svr  ' crashed with exit code 0.  Respawning...
Server './samp03svr  ' crashed with exit code 0.  Respawning...
Server './samp03svr  ' crashed with exit code 0.  Respawning...
Server './samp03svr  ' crashed with exit code 0.  Respawning...
Server './samp03svr  ' crashed with exit code 0.  Respawning...
Server './samp03svr  ' crashed with exit code 0.  Respawning...
Server './samp03svr  ' crashed with exit code 0.  Respawning...
Server './samp03svr  ' crashed with exit code 0.  Respawning...
Server './samp03svr  ' crashed with exit code 0.  Respawning...
Server './samp03svr  ' crashed with exit code 0.  Respawning...

Started server on port: 7778, with maxplayers: 100 lanmode is OFF.

samp03svr: amx/amx.c:803: expand: Assertion `sc<64' failed.


[log-core] fatal signal '6' (SIGABRT) catched   

OGP_HOME_000000003_startup_scr.sh: line 2:  4529 Aborted                 ./samp03svr

Started server on port: 7778, with maxplayers: 100 lanmode is OFF.

samp03svr: amx/amx.c:803: expand: Assertion `sc<64' failed.


[log-core] fatal signal '6' (SIGABRT) catched   

OGP_HOME_000000003_startup_scr.sh: line 2:  4536 Aborted                 ./samp03svr

Started server on port: 7778, with maxplayers: 100 lanmode is OFF.

Error in my_thread_global_end(): 3 threads didn't exit

Started server on port: 7778, with maxplayers: 100 lanmode is OFF.

Error in my_thread_global_end(): 3 threads didn't exit
